# JRE version: OpenJDK Runtime Environment OpenLogic-OpenJDK (11.0.15+10) (build 11.0.15+10-adhoc..jdk11u)
# Java VM: OpenJDK 64-Bit Server VM OpenLogic-OpenJDK (11.0.15+10-adhoc..jdk11u, mixed mode, tiered, compressed oops, g1 gc, windows-amd64)
Heap:
 garbage-first heap   total 253952K, used 157711K [0x0000000080000000, 0x0000000100000000)
  region size 1024K, 135 young (138240K), 13 survivors (13312K)
 Metaspace       used 54329K, capacity 55890K, committed 56144K, reserved 565248K
  class space    used 6976K, capacity 7594K, committed 7680K, reserved 516096K
GC Heap History (10 events):
Event: 1.450 GC heap before
{Heap before GC invocations=0 (full 0):
 garbage-first heap   total 253952K, used 29696K [0x0000000080000000, 0x0000000100000000)
  region size 1024K, 24 young (24576K), 0 survivors (0K)
 Metaspace       used 10203K, capacity 10436K, committed 10624K, reserved 526336K
  class space    used 1043K, capacity 1140K, committed 1152K, reserved 516096K
}
Event: 1.502 GC heap after
{Heap after GC invocations=1 (full 0):
 garbage-first heap   total 253952K, used 9673K [0x0000000080000000, 0x0000000100000000)
  region size 1024K, 3 young (3072K), 3 survivors (3072K)
 Metaspace       used 10203K, capacity 10436K, committed 10624K, reserved 526336K
  class space    used 1043K, capacity 1140K, committed 1152K, reserved 516096K
}
Event: 6.567 GC heap before
{Heap before GC invocations=1 (full 0):
 garbage-first heap   total 253952K, used 100809K [0x0000000080000000, 0x0000000100000000)
  region size 1024K, 93 young (95232K), 3 survivors (3072K)
 Metaspace       used 20741K, capacity 21173K, committed 21296K, reserved 536576K
  class space    used 2493K, capacity 2659K, committed 2688K, reserved 516096K
}
Event: 6.583 GC heap after
{Heap after GC invocations=2 (full 0):
 garbage-first heap   total 253952K, used 17025K [0x0000000080000000, 0x0000000100000000)
  region size 1024K, 11 young (11264K), 11 survivors (11264K)
 Metaspace       used 20741K, capacity 21173K, committed 21296K, reserved 536576K
  class space    used 2493K, capacity 2659K, committed 2688K, reserved 516096K
}
Event: 7.858 GC heap before
{Heap before GC invocations=3 (full 0):
 garbage-first heap   total 253952K, used 70273K [0x0000000080000000, 0x0000000100000000)
  region size 1024K, 63 young (64512K), 11 survivors (11264K)
 Metaspace       used 26435K, capacity 26994K, committed 27184K, reserved 540672K
  class space    used 3372K, capacity 3606K, committed 3712K, reserved 516096K
}
Event: 7.868 GC heap after
{Heap after GC invocations=4 (full 0):
 garbage-first heap   total 253952K, used 19319K [0x0000000080000000, 0x0000000100000000)
  region size 1024K, 3 young (3072K), 3 survivors (3072K)
 Metaspace       used 26435K, capacity 26994K, committed 27184K, reserved 540672K
  class space    used 3372K, capacity 3606K, committed 3712K, reserved 516096K
}
Event: 9.502 GC heap before
{Heap before GC invocations=4 (full 0):
 garbage-first heap   total 253952K, used 78711K [0x0000000080000000, 0x0000000100000000)
  region size 1024K, 62 young (63488K), 3 survivors (3072K)
 Metaspace       used 34974K, capacity 35750K, committed 35920K, reserved 548864K
  class space    used 4437K, capacity 4761K, committed 4864K, reserved 516096K
}
Event: 9.513 GC heap after
{Heap after GC invocations=5 (full 0):
 garbage-first heap   total 253952K, used 22483K [0x0000000080000000, 0x0000000100000000)
  region size 1024K, 6 young (6144K), 6 survivors (6144K)
 Metaspace       used 34974K, capacity 35750K, committed 35920K, reserved 548864K
  class space    used 4437K, capacity 4761K, committed 4864K, reserved 516096K
}
Event: 21.901 GC heap before
{Heap before GC invocations=6 (full 0):
 garbage-first heap   total 253952K, used 142291K [0x0000000080000000, 0x0000000100000000)
  region size 1024K, 120 young (122880K), 6 survivors (6144K)
 Metaspace       used 44199K, capacity 45419K, committed 45520K, reserved 557056K
  class space    used 5539K, capacity 6002K, committed 6016K, reserved 516096K
}
Event: 21.913 GC heap after
{Heap after GC invocations=7 (full 0):
 garbage-first heap   total 253952K, used 29711K [0x0000000080000000, 0x0000000100000000)
  region size 1024K, 13 young (13312K), 13 survivors (13312K)
 Metaspace       used 44199K, capacity 45419K, committed 45520K, reserved 557056K
  class space    used 5539K, capacity 6002K, committed 6016K, reserved 516096K
}

